  
  Read file from mc.in
 ==================================================
  Start read input!
 Read lattice_vector card
 Read atomsite
 Read num_nn
 Read j
  -1.000000    
 Read d
  -1.000000     from  0.9000000     to   1.100000    
 Calculate nearst neighbor!
  
  End read input!
 ==================================================
 Start spin flipping proccess...
temperature      0.00/     40.00  time left  55198.19s
temperature      0.83/     40.00  time left      0.02s
temperature      1.67/     40.00  time left      0.02s
temperature      2.50/     40.00  time left      0.04s
temperature      3.33/     40.00  time left      0.03s
temperature      4.17/     40.00  time left      0.02s
temperature      5.00/     40.00  time left      0.02s
temperature      5.83/     40.00  time left      0.02s
temperature      6.67/     40.00  time left      0.02s
temperature      7.50/     40.00  time left      0.02s
temperature      8.33/     40.00  time left      0.01s
temperature      9.17/     40.00  time left      0.01s
temperature     10.00/     40.00  time left      0.02s
temperature     10.83/     40.00  time left      0.03s
temperature     11.67/     40.00  time left      0.02s
temperature     12.50/     40.00  time left      0.01s
temperature     13.33/     40.00  time left      0.01s
temperature     14.17/     40.00  time left      0.01s
temperature     15.00/     40.00  time left      0.02s
temperature     15.83/     40.00  time left      0.02s
temperature     16.67/     40.00  time left      0.01s
temperature     17.50/     40.00  time left      0.01s
temperature     18.33/     40.00  time left      0.01s
temperature     19.17/     40.00  time left      0.01s
temperature     20.00/     40.00  time left      0.01s
temperature     20.83/     40.00  time left      0.01s
temperature     21.67/     40.00  time left      0.01s
temperature     22.50/     40.00  time left      0.01s
temperature     23.33/     40.00  time left      0.01s
temperature     24.17/     40.00  time left      0.01s
temperature     25.00/     40.00  time left      0.01s
temperature     25.83/     40.00  time left      0.01s
temperature     26.67/     40.00  time left      0.01s
temperature     27.50/     40.00  time left      0.01s
temperature     28.33/     40.00  time left      0.01s
temperature     29.17/     40.00  time left      0.01s
temperature     30.00/     40.00  time left      0.01s
temperature     30.83/     40.00  time left      0.01s
temperature     31.67/     40.00  time left      0.01s
temperature     32.50/     40.00  time left      0.00s
temperature     33.33/     40.00  time left      0.00s
temperature     34.17/     40.00  time left      0.00s
temperature     35.00/     40.00  time left      0.00s
temperature     35.83/     40.00  time left      0.00s
temperature     36.67/     40.00  time left      0.00s
temperature     37.50/     40.00  time left      0.00s
temperature     38.33/     40.00  time left      0.00s
temperature     39.17/     40.00  time left      0.00s
 End spin flipping proccess!
